2021-01-06 14:42:25 [http-nio-8888-exec-1] ERROR CLASS:[net.dreamlu.mica.servlet.error.MicaErrorAttributes:48] - [TID: N/A] - URL:/doc.html error status:404
2021-01-06 14:42:25 [http-nio-8888-exec-2] ERROR CLASS:[net.dreamlu.mica.servlet.error.MicaErrorAttributes:48] - [TID: N/A] - URL:/favicon.ico error status:404
2021-01-06 14:42:29 [http-nio-8888-exec-3] ERROR CLASS:[net.dreamlu.mica.servlet.error.MicaErrorAttributes:48] - [TID: N/A] - URL:/doc.html error status:404
2021-01-06 14:47:26 [http-nio-8888-exec-1] ERROR CLASS:[net.dreamlu.mica.servlet.error.MicaErrorAttributes:48] - [TID: N/A] - URL:/doc.html error status:404
2021-01-06 14:50:36 [http-nio-8888-exec-1] ERROR CLASS:[net.dreamlu.mica.servlet.error.MicaErrorAttributes:48] - [TID: N/A] - URL:/doc.html error status:404
2021-01-06 15:02:51 [http-nio-8888-exec-1] ERROR CLASS:[net.dreamlu.mica.servlet.error.MicaErrorAttributes:48] - [TID: N/A] - URL:/doc.html error status:404
2021-01-06 15:04:13 [http-nio-8888-exec-1] ERROR CLASS:[net.dreamlu.mica.servlet.error.MicaErrorAttributes:48] - [TID: N/A] - URL:/doc.html error status:404
2021-01-06 15:06:49 [restartedMain] ERROR CLASS:[org.springframework.boot.SpringApplication:826] - [TID: N/A] - Application run failed
org.springframework.beans.factory.BeanDefinitionStoreException: Failed to process import candidates for configuration class [com.welfare.ServiceAccountApplication]; nested exception is java.lang.IllegalStateException: Error processing condition on org.springframework.boot.autoconfigure.jdbc.DataSourceAutoConfiguration$EmbeddedDatabaseConfiguration
	at org.springframework.context.annotation.ConfigurationClassParser.processImports(ConfigurationClassParser.java:609)
	at org.springframework.context.annotation.ConfigurationClassParser.access$800(ConfigurationClassParser.java:110)
	at org.springframework.context.annotation.ConfigurationClassParser$DeferredImportSelectorGroupingHandler.lambda$processGroupImports$1(ConfigurationClassParser.java:811)
	at java.util.ArrayList.forEach(ArrayList.java:1249)
	at org.springframework.context.annotation.ConfigurationClassParser$DeferredImportSelectorGroupingHandler.processGroupImports(ConfigurationClassParser.java:808)
	at org.springframework.context.annotation.ConfigurationClassParser$DeferredImportSelectorHandler.process(ConfigurationClassParser.java:779)
	at org.springframework.context.annotation.ConfigurationClassParser.parse(ConfigurationClassParser.java:192)
	at org.springframework.context.annotation.ConfigurationClassPostProcessor.processConfigBeanDefinitions(ConfigurationClassPostProcessor.java:319)
	at org.springframework.context.annotation.ConfigurationClassPostProcessor.postProcessBeanDefinitionRegistry(ConfigurationClassPostProcessor.java:236)
	at org.springframework.context.support.PostProcessorRegistrationDelegate.invokeBeanDefinitionRegistryPostProcessors(PostProcessorRegistrationDelegate.java:275)
	at org.springframework.context.support.PostProcessorRegistrationDelegate.invokeBeanFactoryPostProcessors(PostProcessorRegistrationDelegate.java:95)
	at org.springframework.context.support.AbstractApplicationContext.invokeBeanFactoryPostProcessors(AbstractApplicationContext.java:706)
	at org.springframework.context.support.AbstractApplicationContext.refresh(AbstractApplicationContext.java:532)
	at org.springframework.boot.web.servlet.context.ServletWebServerApplicationContext.refresh(ServletWebServerApplicationContext.java:141)
	at org.springframework.boot.SpringApplication.refresh(SpringApplication.java:747)
	at org.springframework.boot.SpringApplication.refreshContext(SpringApplication.java:397)
	at org.springframework.boot.SpringApplication.run(SpringApplication.java:315)
	at org.springframework.boot.SpringApplication.run(SpringApplication.java:1226)
	at org.springframework.boot.SpringApplication.run(SpringApplication.java:1215)
	at com.welfare.ServiceAccountApplication.main(ServiceAccountApplication.java:12)
	at sun.reflect.NativeMethodAccessorImpl.invoke0(Native Method)
	at sun.reflect.NativeMethodAccessorImpl.invoke(NativeMethodAccessorImpl.java:62)
	at sun.reflect.DelegatingMethodAccessorImpl.invoke(DelegatingMethodAccessorImpl.java:43)
	at java.lang.reflect.Method.invoke(Method.java:498)
	at org.springframework.boot.devtools.restart.RestartLauncher.run(RestartLauncher.java:49)
Caused by: java.lang.IllegalStateException: Error processing condition on org.springframework.boot.autoconfigure.jdbc.DataSourceAutoConfiguration$EmbeddedDatabaseConfiguration
	at org.springframework.boot.autoconfigure.condition.SpringBootCondition.matches(SpringBootCondition.java:60)
	at org.springframework.context.annotation.ConditionEvaluator.shouldSkip(ConditionEvaluator.java:108)
	at org.springframework.context.annotation.ConfigurationClassParser.processConfigurationClass(ConfigurationClassParser.java:225)
	at org.springframework.context.annotation.ConfigurationClassParser.processMemberClasses(ConfigurationClassParser.java:371)
	at org.springframework.context.annotation.ConfigurationClassParser.doProcessConfigurationClass(ConfigurationClassParser.java:271)
	at org.springframework.context.annotation.ConfigurationClassParser.processConfigurationClass(ConfigurationClassParser.java:249)
	at org.springframework.context.annotation.ConfigurationClassParser.processImports(ConfigurationClassParser.java:599)
	... 24 common frames omitted
Caused by: java.lang.IllegalArgumentException: Could not resolve placeholder 'db.server' in value "jdbc:mysql://${db.server}:${db.port}/${db.name}?useUnicode=true&characterEncoding=utf8&useSSL=false&serverTimezone=UTC"
	at org.springframework.util.PropertyPlaceholderHelper.parseStringValue(PropertyPlaceholderHelper.java:178)
	at org.springframework.util.PropertyPlaceholderHelper.replacePlaceholders(PropertyPlaceholderHelper.java:124)
	at org.springframework.core.env.AbstractPropertyResolver.doResolvePlaceholders(AbstractPropertyResolver.java:236)
	at org.springframework.core.env.AbstractPropertyResolver.resolveRequiredPlaceholders(AbstractPropertyResolver.java:210)
	at org.springframework.core.env.AbstractPropertyResolver.resolveNestedPlaceholders(AbstractPropertyResolver.java:227)
	at org.springframework.core.env.PropertySourcesPropertyResolver.getProperty(PropertySourcesPropertyResolver.java:88)
	at org.springframework.core.env.PropertySourcesPropertyResolver.getProperty(PropertySourcesPropertyResolver.java:62)
	at org.springframework.core.env.AbstractEnvironment.getProperty(AbstractEnvironment.java:535)
	at org.springframework.boot.autoconfigure.jdbc.DataSourceAutoConfiguration$EmbeddedDatabaseCondition.getMatchOutcome(DataSourceAutoConfiguration.java:126)
	at org.springframework.boot.autoconfigure.condition.SpringBootCondition.matches(SpringBootCondition.java:47)
	... 30 common frames omitted
2021-01-06 15:11:05 [restartedMain] ERROR CLASS:[o.s.b.diagnostics.LoggingFailureAnalysisReporter:40] - [TID: N/A] - 

***************************
APPLICATION FAILED TO START
***************************

Description:

Parameter 0 of constructor in com.welfare.serviceaccount.controller.AccountBillDetailController required a bean of type 'com.welfare.service.AccountBillDetailService' that could not be found.


Action:

Consider defining a bean of type 'com.welfare.service.AccountBillDetailService' in your configuration.

2021-01-06 15:14:12 [restartedMain] ERROR CLASS:[o.s.b.diagnostics.LoggingFailureAnalysisReporter:40] - [TID: N/A] - 

***************************
APPLICATION FAILED TO START
***************************

Description:

Parameter 0 of constructor in com.welfare.serviceaccount.controller.AccountBillDetailController required a bean of type 'com.welfare.service.AccountBillDetailService' that could not be found.


Action:

Consider defining a bean of type 'com.welfare.service.AccountBillDetailService' in your configuration.

2021-01-06 15:14:39 [restartedMain] ERROR CLASS:[o.s.b.diagnostics.LoggingFailureAnalysisReporter:40] - [TID: N/A] - 

***************************
APPLICATION FAILED TO START
***************************

Description:

Failed to configure a DataSource: 'url' attribute is not specified and no embedded datasource could be configured.

Reason: Failed to determine a suitable driver class


Action:

Consider the following:
	If you want an embedded database (H2, HSQL or Derby), please put it on the classpath.
	If you have database settings to be loaded from a particular profile you may need to activate it (no profiles are currently active).

2021-01-06 15:15:35 [http-nio-8888-exec-1] ERROR CLASS:[net.dreamlu.mica.servlet.error.MicaErrorAttributes:48] - [TID: N/A] - URL:/doc.html error status:404
2021-01-06 15:19:33 [restartedMain] ERROR CLASS:[o.s.b.diagnostics.LoggingFailureAnalysisReporter:40] - [TID: N/A] - 

***************************
APPLICATION FAILED TO START
***************************

Description:

Parameter 0 of constructor in com.welfare.serviceaccount.controller.AccountBillDetailController required a bean of type 'com.welfare.service.AccountBillDetailService' that could not be found.


Action:

Consider defining a bean of type 'com.welfare.service.AccountBillDetailService' in your configuration.

2021-01-06 15:23:08 [restartedMain] ERROR CLASS:[o.s.b.diagnostics.LoggingFailureAnalysisReporter:40] - [TID: N/A] - 

***************************
APPLICATION FAILED TO START
***************************

Description:

Parameter 0 of constructor in com.welfare.serviceaccount.controller.AccountBillDetailController required a bean of type 'com.welfare.service.AccountBillDetailService' that could not be found.


Action:

Consider defining a bean of type 'com.welfare.service.AccountBillDetailService' in your configuration.

2021-01-06 15:23:53 [http-nio-8888-exec-1] ERROR CLASS:[net.dreamlu.mica.servlet.error.MicaErrorAttributes:48] - [TID: N/A] - URL:/doc.html error status:404
2021-01-06 15:27:38 [http-nio-8888-exec-1] ERROR CLASS:[net.dreamlu.mica.servlet.error.MicaErrorAttributes:48] - [TID: N/A] - URL:/doc.html error status:404
2021-01-06 15:29:23 [http-nio-8888-exec-1] ERROR CLASS:[net.dreamlu.mica.servlet.error.MicaErrorAttributes:48] - [TID: N/A] - URL:/doc.html error status:404
2021-01-06 15:35:08 [http-nio-8888-exec-1] ERROR CLASS:[net.dreamlu.mica.servlet.error.MicaErrorAttributes:48] - [TID: N/A] - URL:/doc.html error status:404
2021-01-06 15:35:14 [http-nio-8888-exec-2] ERROR CLASS:[net.dreamlu.mica.servlet.error.MicaErrorAttributes:48] - [TID: N/A] - URL:/template error status:404
2021-01-06 15:35:19 [http-nio-8888-exec-3] ERROR CLASS:[net.dreamlu.mica.servlet.error.MicaErrorAttributes:48] - [TID: N/A] - URL:/doc.html error status:404
2021-01-06 15:35:33 [http-nio-8888-exec-4] ERROR CLASS:[net.dreamlu.mica.servlet.error.MicaErrorAttributes:48] - [TID: N/A] - URL:/templates/ error status:404
2021-01-06 15:35:36 [http-nio-8888-exec-5] ERROR CLASS:[net.dreamlu.mica.servlet.error.MicaErrorAttributes:48] - [TID: N/A] - URL:/templates/1 error status:404
2021-01-06 15:36:56 [http-nio-8888-exec-1] ERROR CLASS:[net.dreamlu.mica.servlet.error.MicaErrorAttributes:48] - [TID: N/A] - URL:/doc.html error status:404
2021-01-06 15:39:04 [http-nio-8888-exec-3] ERROR CLASS:[net.dreamlu.mica.servlet.error.MicaErrorAttributes:48] - [TID: N/A] - URL:/doc.html error status:404
2021-01-06 15:44:23 [http-nio-8888-exec-1] ERROR CLASS:[net.dreamlu.mica.servlet.error.MicaErrorAttributes:48] - [TID: N/A] - URL:/doc.html error status:404
2021-01-06 15:53:34 [http-nio-8888-exec-1] ERROR CLASS:[net.dreamlu.mica.servlet.error.MicaErrorAttributes:48] - [TID: N/A] - URL:/doc.html error status:404
2021-01-06 15:55:56 [http-nio-8888-exec-6] ERROR CLASS:[net.dreamlu.mica.servlet.error.MicaErrorAttributes:48] - [TID: N/A] - URL:/ error status:404
2021-01-06 16:00:12 [http-nio-8888-exec-1] ERROR CLASS:[net.dreamlu.mica.servlet.error.MicaErrorAttributes:48] - [TID: N/A] - URL:/doc.html error status:404
2021-01-06 16:03:39 [http-nio-8888-exec-2] ERROR CLASS:[net.dreamlu.mica.servlet.error.MicaErrorAttributes:48] - [TID: N/A] - URL:/robots.txt error status:404
2021-01-06 16:03:39 [http-nio-8888-exec-3] ERROR CLASS:[net.dreamlu.mica.servlet.error.MicaErrorAttributes:48] - [TID: N/A] - URL:/manifest.json error status:404
2021-01-06 16:03:39 [http-nio-8888-exec-1] ERROR CLASS:[net.dreamlu.mica.servlet.error.MicaErrorAttributes:48] - [TID: N/A] - URL:/index.html error status:404
2021-01-06 16:13:15 [http-nio-8888-exec-9] ERROR CLASS:[net.dreamlu.mica.servlet.error.MicaErrorAttributes:48] - [TID: N/A] - URL:/robots.txt error status:404
2021-01-06 16:13:15 [http-nio-8888-exec-6] ERROR CLASS:[net.dreamlu.mica.servlet.error.MicaErrorAttributes:48] - [TID: N/A] - URL:/index.html error status:404
2021-01-06 16:13:15 [http-nio-8888-exec-7] ERROR CLASS:[net.dreamlu.mica.servlet.error.MicaErrorAttributes:48] - [TID: N/A] - URL:/manifest.json error status:404
2021-01-06 16:14:09 [http-nio-8888-exec-9] ERROR CLASS:[net.dreamlu.mica.servlet.error.MicaErrorAttributes:48] - [TID: N/A] - URL:/robots.txt error status:404
2021-01-06 16:14:09 [http-nio-8888-exec-7] ERROR CLASS:[net.dreamlu.mica.servlet.error.MicaErrorAttributes:48] - [TID: N/A] - URL:/index.html error status:404
2021-01-06 16:14:09 [http-nio-8888-exec-8] ERROR CLASS:[net.dreamlu.mica.servlet.error.MicaErrorAttributes:48] - [TID: N/A] - URL:/manifest.json error status:404
