2021-01-06 14:35:41 [restartedMain] INFO  CLASS:[com.welfare.ServiceMerchantApplication:55] - [TID: N/A] - Starting ServiceMerchantApplication on liyx-lenovo with PID 12628 (D:\dev\GIT_DIRS\cbest\e-welfare\e-welfare\service-merchant\target\classes started by liyx1 in D:\dev\GIT_DIRS\cbest\e-welfare\e-welfare)
2021-01-06 14:35:41 [restartedMain] INFO  CLASS:[com.welfare.ServiceMerchantApplication:655] - [TID: N/A] - The following profiles are active: persist,dev
2021-01-06 14:35:41 [restartedMain] INFO  CLASS:[o.s.boot.devtools.restart.ChangeableUrls:225] - [TID: N/A] - The Class-Path manifest attribute in D:\liyx1\.m2\repository\org\glassfish\jaxb\jaxb-runtime\2.3.2\jaxb-runtime-2.3.2.jar referenced one or more files that do not exist: file:/D:/liyx1/.m2/repository/org/glassfish/jaxb/jaxb-runtime/2.3.2/jakarta.xml.bind-api-2.3.2.jar,file:/D:/liyx1/.m2/repository/org/glassfish/jaxb/jaxb-runtime/2.3.2/txw2-2.3.2.jar,file:/D:/liyx1/.m2/repository/org/glassfish/jaxb/jaxb-runtime/2.3.2/istack-commons-runtime-3.0.8.jar,file:/D:/liyx1/.m2/repository/org/glassfish/jaxb/jaxb-runtime/2.3.2/stax-ex-1.8.1.jar,file:/D:/liyx1/.m2/repository/org/glassfish/jaxb/jaxb-runtime/2.3.2/FastInfoset-1.2.16.jar,file:/D:/liyx1/.m2/repository/org/glassfish/jaxb/jaxb-runtime/2.3.2/jakarta.activation-api-1.2.1.jar
2021-01-06 14:35:41 [restartedMain] INFO  CLASS:[o.s.b.d.env.DevToolsPropertyDefaultsPostProcessor:225] - [TID: N/A] - Devtools property defaults active! Set 'spring.devtools.add-properties' to 'false' to disable
2021-01-06 14:35:41 [restartedMain] INFO  CLASS:[o.s.b.d.env.DevToolsPropertyDefaultsPostProcessor:225] - [TID: N/A] - For additional web related logging consider setting the 'logging.level.web' property to 'DEBUG'
2021-01-06 14:35:42 [restartedMain] INFO  CLASS:[o.s.d.r.config.RepositoryConfigurationDelegate:127] - [TID: N/A] - Bootstrapping Spring Data JPA repositories in DEFAULT mode.
2021-01-06 14:35:42 [restartedMain] INFO  CLASS:[o.s.d.r.config.RepositoryConfigurationDelegate:187] - [TID: N/A] - Finished Spring Data repository scanning in 24ms. Found 0 JPA repository interfaces.
2021-01-06 14:35:43 [restartedMain] INFO  CLASS:[o.s.c.s.PostProcessorRegistrationDelegate$BeanPostProcessorChecker:330] - [TID: N/A] - Bean 'mica.async-net.dreamlu.mica.props.MicaAsyncProperties' of type [net.dreamlu.mica.props.MicaAsyncProperties] is not eligible for getting processed by all BeanPostProcessors (for example: not eligible for auto-proxying)
2021-01-06 14:35:43 [restartedMain] INFO  CLASS:[o.s.c.s.PostProcessorRegistrationDelegate$BeanPostProcessorChecker:330] - [TID: N/A] - Bean 'net.dreamlu.mica.config.MicaExecutorConfiguration' of type [net.dreamlu.mica.config.MicaExecutorConfiguration$$EnhancerBySpringCGLIB$$dda8afc0] is not eligible for getting processed by all BeanPostProcessors (for example: not eligible for auto-proxying)
2021-01-06 14:35:43 [restartedMain] INFO  CLASS:[o.s.c.s.PostProcessorRegistrationDelegate$BeanPostProcessorChecker:330] - [TID: N/A] - Bean 'spring.datasource.dynamic-com.baomidou.dynamic.datasource.spring.boot.autoconfigure.DynamicDataSourceProperties' of type [com.baomidou.dynamic.datasource.spring.boot.autoconfigure.DynamicDataSourceProperties] is not eligible for getting processed by all BeanPostProcessors (for example: not eligible for auto-proxying)
2021-01-06 14:35:43 [restartedMain] INFO  CLASS:[o.s.c.s.PostProcessorRegistrationDelegate$BeanPostProcessorChecker:330] - [TID: N/A] - Bean 'com.baomidou.dynamic.datasource.spring.boot.autoconfigure.DynamicDataSourceAutoConfiguration' of type [com.baomidou.dynamic.datasource.spring.boot.autoconfigure.DynamicDataSourceAutoConfiguration$$EnhancerBySpringCGLIB$$4da910ee] is not eligible for getting processed by all BeanPostProcessors (for example: not eligible for auto-proxying)
2021-01-06 14:35:43 [restartedMain] INFO  CLASS:[o.s.c.s.PostProcessorRegistrationDelegate$BeanPostProcessorChecker:330] - [TID: N/A] - Bean 'dsProcessor' of type [com.baomidou.dynamic.datasource.processor.DsHeaderProcessor] is not eligible for getting processed by all BeanPostProcessors (for example: not eligible for auto-proxying)
2021-01-06 14:35:43 [restartedMain] INFO  CLASS:[o.s.c.s.PostProcessorRegistrationDelegate$BeanPostProcessorChecker:330] - [TID: N/A] - Bean 'dynamicDatasourceAnnotationAdvisor' of type [com.baomidou.dynamic.datasource.aop.DynamicDataSourceAnnotationAdvisor] is not eligible for getting processed by all BeanPostProcessors (for example: not eligible for auto-proxying)
2021-01-06 14:35:44 [restartedMain] INFO  CLASS:[o.s.boot.web.embedded.tomcat.TomcatWebServer:92] - [TID: N/A] - Tomcat initialized with port(s): 8888 (http)
2021-01-06 14:35:44 [restartedMain] INFO  CLASS:[org.apache.coyote.http11.Http11NioProtocol:173] - [TID: N/A] - Initializing ProtocolHandler ["http-nio-8888"]
2021-01-06 14:35:44 [restartedMain] INFO  CLASS:[org.apache.catalina.core.StandardService:173] - [TID: N/A] - Starting service [Tomcat]
2021-01-06 14:35:44 [restartedMain] INFO  CLASS:[org.apache.catalina.core.StandardEngine:173] - [TID: N/A] - Starting Servlet engine: [Apache Tomcat/9.0.31]
2021-01-06 14:35:44 [restartedMain] INFO  CLASS:[o.a.c.core.ContainerBase.[Tomcat].[localhost].[/]:173] - [TID: N/A] - Initializing Spring embedded WebApplicationContext
2021-01-06 14:35:44 [restartedMain] INFO  CLASS:[org.springframework.web.context.ContextLoader:284] - [TID: N/A] - Root WebApplicationContext: initialization completed in 2946 ms
2021-01-06 14:35:44 [restartedMain] INFO  CLASS:[c.a.d.s.b.a.DruidDataSourceAutoConfigure:56] - [TID: N/A] - Init DruidDataSource
2021-01-06 14:35:44 [restartedMain] INFO  CLASS:[com.alibaba.druid.pool.DruidDataSource:994] - [TID: N/A] - {dataSource-1} inited
2021-01-06 14:35:44 [restartedMain] INFO  CLASS:[org.hibernate.jpa.internal.util.LogHelper:31] - [TID: N/A] - HHH000204: Processing PersistenceUnitInfo [name: default]
2021-01-06 14:35:44 [restartedMain] INFO  CLASS:[org.hibernate.Version:44] - [TID: N/A] - HHH000412: Hibernate ORM core version 5.4.12.Final
2021-01-06 14:35:45 [restartedMain] INFO  CLASS:[org.hibernate.annotations.common.Version:49] - [TID: N/A] - HCANN000001: Hibernate Commons Annotations {5.1.0.Final}
2021-01-06 14:35:45 [restartedMain] INFO  CLASS:[org.hibernate.dialect.Dialect:172] - [TID: N/A] - HHH000400: Using dialect: org.hibernate.dialect.MySQL57Dialect
2021-01-06 14:35:45 [restartedMain] INFO  CLASS:[o.h.e.t.jta.platform.internal.JtaPlatformInitiator:52] - [TID: N/A] - HHH000490: Using JtaPlatform implementation: [org.hibernate.engine.transaction.jta.platform.internal.NoJtaPlatform]
2021-01-06 14:35:45 [restartedMain] INFO  CLASS:[o.s.orm.jpa.LocalContainerEntityManagerFactoryBean:416] - [TID: N/A] - Initialized JPA EntityManagerFactory for persistence unit 'default'
2021-01-06 14:35:50 [restartedMain] WARN  CLASS:[o.s.b.a.o.j.JpaBaseConfiguration$JpaWebConfiguration:220] - [TID: N/A] - spring.jpa.open-in-view is enabled by default. Therefore, database queries may be performed during view rendering. Explicitly configure spring.jpa.open-in-view to disable this warning
2021-01-06 14:35:50 [restartedMain] INFO  CLASS:[o.s.scheduling.concurrent.ThreadPoolTaskExecutor:181] - [TID: N/A] - Initializing ExecutorService 'applicationTaskExecutor'
2021-01-06 14:35:50 [restartedMain] INFO  CLASS:[n.d.m.s.version.MicaRequestMappingHandlerMapping:100] - [TID: N/A] - Mapped "{ /home}" onto com.welfare.servicemerchant.controller.IndexController#home()
2021-01-06 14:35:50 [restartedMain] INFO  CLASS:[n.d.m.s.version.MicaRequestMappingHandlerMapping:100] - [TID: N/A] - Mapped "{ /errortest}" onto com.welfare.servicemerchant.controller.IndexController#errtest(PageRequest)
2021-01-06 14:35:50 [restartedMain] INFO  CLASS:[n.d.m.s.version.MicaRequestMappingHandlerMapping:100] - [TID: N/A] - Mapped "{ /error, produces [text/html]}" onto net.dreamlu.mica.servlet.error.MicaErrorController#errorHtml(HttpServletRequest, HttpServletResponse)
2021-01-06 14:35:50 [restartedMain] INFO  CLASS:[n.d.m.s.version.MicaRequestMappingHandlerMapping:100] - [TID: N/A] - Mapped "{ /error}" onto net.dreamlu.mica.servlet.error.MicaErrorController#error(HttpServletRequest)
2021-01-06 14:35:50 [restartedMain] WARN  CLASS:[o.s.w.servlet.resource.ResourceHttpRequestHandler:355] - [TID: N/A] - Locations list is empty. No resources will be served unless a custom ResourceResolver is configured as an alternative to PathResourceResolver.
2021-01-06 14:35:50 [restartedMain] INFO  CLASS:[o.s.scheduling.concurrent.ThreadPoolTaskScheduler:181] - [TID: N/A] - Initializing ExecutorService 'taskScheduler'
2021-01-06 14:35:51 [restartedMain] WARN  CLASS:[o.s.b.d.autoconfigure.OptionalLiveReloadServer:61] - [TID: N/A] - Unable to start LiveReload server
2021-01-06 14:35:52 [restartedMain] INFO  CLASS:[org.apache.coyote.http11.Http11NioProtocol:173] - [TID: N/A] - Starting ProtocolHandler ["http-nio-8888"]
2021-01-06 14:35:52 [restartedMain] INFO  CLASS:[o.s.boot.web.embedded.tomcat.TomcatWebServer:204] - [TID: N/A] - Tomcat started on port(s): 8888 (http) with context path ''
2021-01-06 14:35:52 [restartedMain] INFO  CLASS:[com.welfare.ServiceMerchantApplication:61] - [TID: N/A] - Started ServiceMerchantApplication in 12.547 seconds (JVM running for 15.796)
2021-01-06 14:37:34 [restartedMain] INFO  CLASS:[com.welfare.ServiceMerchantApplication:55] - [TID: N/A] - Starting ServiceMerchantApplication on liyx-lenovo with PID 13572 (D:\dev\GIT_DIRS\cbest\e-welfare\e-welfare\service-merchant\target\classes started by liyx1 in D:\dev\GIT_DIRS\cbest\e-welfare\e-welfare)
2021-01-06 14:37:34 [restartedMain] INFO  CLASS:[com.welfare.ServiceMerchantApplication:655] - [TID: N/A] - The following profiles are active: persist,dev
2021-01-06 14:37:34 [restartedMain] INFO  CLASS:[o.s.boot.devtools.restart.ChangeableUrls:225] - [TID: N/A] - The Class-Path manifest attribute in D:\liyx1\.m2\repository\org\glassfish\jaxb\jaxb-runtime\2.3.2\jaxb-runtime-2.3.2.jar referenced one or more files that do not exist: file:/D:/liyx1/.m2/repository/org/glassfish/jaxb/jaxb-runtime/2.3.2/jakarta.xml.bind-api-2.3.2.jar,file:/D:/liyx1/.m2/repository/org/glassfish/jaxb/jaxb-runtime/2.3.2/txw2-2.3.2.jar,file:/D:/liyx1/.m2/repository/org/glassfish/jaxb/jaxb-runtime/2.3.2/istack-commons-runtime-3.0.8.jar,file:/D:/liyx1/.m2/repository/org/glassfish/jaxb/jaxb-runtime/2.3.2/stax-ex-1.8.1.jar,file:/D:/liyx1/.m2/repository/org/glassfish/jaxb/jaxb-runtime/2.3.2/FastInfoset-1.2.16.jar,file:/D:/liyx1/.m2/repository/org/glassfish/jaxb/jaxb-runtime/2.3.2/jakarta.activation-api-1.2.1.jar
2021-01-06 14:37:34 [restartedMain] INFO  CLASS:[o.s.b.d.env.DevToolsPropertyDefaultsPostProcessor:225] - [TID: N/A] - Devtools property defaults active! Set 'spring.devtools.add-properties' to 'false' to disable
2021-01-06 14:37:34 [restartedMain] INFO  CLASS:[o.s.b.d.env.DevToolsPropertyDefaultsPostProcessor:225] - [TID: N/A] - For additional web related logging consider setting the 'logging.level.web' property to 'DEBUG'
2021-01-06 14:37:35 [restartedMain] INFO  CLASS:[o.s.d.r.config.RepositoryConfigurationDelegate:127] - [TID: N/A] - Bootstrapping Spring Data JPA repositories in DEFAULT mode.
2021-01-06 14:37:35 [restartedMain] INFO  CLASS:[o.s.d.r.config.RepositoryConfigurationDelegate:187] - [TID: N/A] - Finished Spring Data repository scanning in 36ms. Found 0 JPA repository interfaces.
2021-01-06 14:37:36 [restartedMain] INFO  CLASS:[o.s.c.s.PostProcessorRegistrationDelegate$BeanPostProcessorChecker:330] - [TID: N/A] - Bean 'mica.async-net.dreamlu.mica.props.MicaAsyncProperties' of type [net.dreamlu.mica.props.MicaAsyncProperties] is not eligible for getting processed by all BeanPostProcessors (for example: not eligible for auto-proxying)
2021-01-06 14:37:36 [restartedMain] INFO  CLASS:[o.s.c.s.PostProcessorRegistrationDelegate$BeanPostProcessorChecker:330] - [TID: N/A] - Bean 'net.dreamlu.mica.config.MicaExecutorConfiguration' of type [net.dreamlu.mica.config.MicaExecutorConfiguration$$EnhancerBySpringCGLIB$$e092599] is not eligible for getting processed by all BeanPostProcessors (for example: not eligible for auto-proxying)
2021-01-06 14:37:36 [restartedMain] INFO  CLASS:[o.s.c.s.PostProcessorRegistrationDelegate$BeanPostProcessorChecker:330] - [TID: N/A] - Bean 'spring.datasource.dynamic-com.baomidou.dynamic.datasource.spring.boot.autoconfigure.DynamicDataSourceProperties' of type [com.baomidou.dynamic.datasource.spring.boot.autoconfigure.DynamicDataSourceProperties] is not eligible for getting processed by all BeanPostProcessors (for example: not eligible for auto-proxying)
2021-01-06 14:37:36 [restartedMain] INFO  CLASS:[o.s.c.s.PostProcessorRegistrationDelegate$BeanPostProcessorChecker:330] - [TID: N/A] - Bean 'com.baomidou.dynamic.datasource.spring.boot.autoconfigure.DynamicDataSourceAutoConfiguration' of type [com.baomidou.dynamic.datasource.spring.boot.autoconfigure.DynamicDataSourceAutoConfiguration$$EnhancerBySpringCGLIB$$7e0986c7] is not eligible for getting processed by all BeanPostProcessors (for example: not eligible for auto-proxying)
2021-01-06 14:37:36 [restartedMain] INFO  CLASS:[o.s.c.s.PostProcessorRegistrationDelegate$BeanPostProcessorChecker:330] - [TID: N/A] - Bean 'dsProcessor' of type [com.baomidou.dynamic.datasource.processor.DsHeaderProcessor] is not eligible for getting processed by all BeanPostProcessors (for example: not eligible for auto-proxying)
2021-01-06 14:37:36 [restartedMain] INFO  CLASS:[o.s.c.s.PostProcessorRegistrationDelegate$BeanPostProcessorChecker:330] - [TID: N/A] - Bean 'dynamicDatasourceAnnotationAdvisor' of type [com.baomidou.dynamic.datasource.aop.DynamicDataSourceAnnotationAdvisor] is not eligible for getting processed by all BeanPostProcessors (for example: not eligible for auto-proxying)
2021-01-06 14:37:37 [restartedMain] INFO  CLASS:[o.s.boot.web.embedded.tomcat.TomcatWebServer:92] - [TID: N/A] - Tomcat initialized with port(s): 8888 (http)
2021-01-06 14:37:37 [restartedMain] INFO  CLASS:[org.apache.coyote.http11.Http11NioProtocol:173] - [TID: N/A] - Initializing ProtocolHandler ["http-nio-8888"]
2021-01-06 14:37:37 [restartedMain] INFO  CLASS:[org.apache.catalina.core.StandardService:173] - [TID: N/A] - Starting service [Tomcat]
2021-01-06 14:37:37 [restartedMain] INFO  CLASS:[org.apache.catalina.core.StandardEngine:173] - [TID: N/A] - Starting Servlet engine: [Apache Tomcat/9.0.31]
2021-01-06 14:37:37 [restartedMain] INFO  CLASS:[o.a.c.core.ContainerBase.[Tomcat].[localhost].[/]:173] - [TID: N/A] - Initializing Spring embedded WebApplicationContext
2021-01-06 14:37:37 [restartedMain] INFO  CLASS:[org.springframework.web.context.ContextLoader:284] - [TID: N/A] - Root WebApplicationContext: initialization completed in 2844 ms
2021-01-06 14:37:37 [restartedMain] INFO  CLASS:[c.a.d.s.b.a.DruidDataSourceAutoConfigure:56] - [TID: N/A] - Init DruidDataSource
2021-01-06 14:37:37 [restartedMain] INFO  CLASS:[com.alibaba.druid.pool.DruidDataSource:994] - [TID: N/A] - {dataSource-1} inited
2021-01-06 14:37:38 [restartedMain] INFO  CLASS:[org.hibernate.jpa.internal.util.LogHelper:31] - [TID: N/A] - HHH000204: Processing PersistenceUnitInfo [name: default]
2021-01-06 14:37:38 [restartedMain] INFO  CLASS:[org.hibernate.Version:44] - [TID: N/A] - HHH000412: Hibernate ORM core version 5.4.12.Final
2021-01-06 14:37:38 [restartedMain] INFO  CLASS:[org.hibernate.annotations.common.Version:49] - [TID: N/A] - HCANN000001: Hibernate Commons Annotations {5.1.0.Final}
2021-01-06 14:37:39 [restartedMain] INFO  CLASS:[org.hibernate.dialect.Dialect:172] - [TID: N/A] - HHH000400: Using dialect: org.hibernate.dialect.MySQL57Dialect
2021-01-06 14:37:39 [restartedMain] INFO  CLASS:[o.h.e.t.jta.platform.internal.JtaPlatformInitiator:52] - [TID: N/A] - HHH000490: Using JtaPlatform implementation: [org.hibernate.engine.transaction.jta.platform.internal.NoJtaPlatform]
2021-01-06 14:37:39 [restartedMain] INFO  CLASS:[o.s.orm.jpa.LocalContainerEntityManagerFactoryBean:416] - [TID: N/A] - Initialized JPA EntityManagerFactory for persistence unit 'default'
